<?xml version="1.0" encoding="UTF-8"?>
<coverage generated="1672149891338" clover="3.2.0">
  <project timestamp="1672149891338" name="All files">
    <metrics statements="36" coveredstatements="36" conditionals="0" coveredconditionals="0" methods="20" coveredmethods="20" elements="56" coveredelements="56" complexity="0" loc="36" ncloc="36" packages="3" files="7" classes="7"/>
    <package name="case">
      <metrics statements="6" coveredstatements="6" conditionals="0" coveredconditionals="0" methods="0" coveredmethods="0"/>
      <file name="index.js" path="C:\web\finished\case\index.js">
        <metrics statements="6" coveredstatements="6" conditionals="0" coveredconditionals="0" methods="0" coveredmethods="0"/>
        <line num="1" count="1" type="stmt"/>
        <line num="2" count="1" type="stmt"/>
        <line num="3" count="1" type="stmt"/>
        <line num="4" count="1" type="stmt"/>
        <line num="5" count="1" type="stmt"/>
        <line num="7" count="1" type="stmt"/>
      </file>
    </package>
    <package name="case.lib">
      <metrics statements="13" coveredstatements="13" conditionals="0" coveredconditionals="0" methods="4" coveredmethods="4"/>
      <file name="objKeys.js" path="C:\web\finished\case\lib\objKeys.js">
        <metrics statements="3" coveredstatements="3" conditionals="0" coveredconditionals="0" methods="2" coveredmethods="2"/>
        <line num="1" count="1" type="stmt"/>
        <line num="2" count="1" type="stmt"/>
        <line num="4" count="4" type="stmt"/>
      </file>
      <file name="toCamel.js" path="C:\web\finished\case\lib\toCamel.js">
        <metrics statements="2" coveredstatements="2" conditionals="0" coveredconditionals="0" methods="0" coveredmethods="0"/>
        <line num="1" count="1" type="stmt"/>
        <line num="3" count="1" type="stmt"/>
      </file>
      <file name="toKebab.js" path="C:\web\finished\case\lib\toKebab.js">
        <metrics statements="3" coveredstatements="3" conditionals="0" coveredconditionals="0" methods="1" coveredmethods="1"/>
        <line num="1" count="1" type="stmt"/>
        <line num="2" count="1" type="stmt"/>
        <line num="4" count="9" type="stmt"/>
      </file>
      <file name="toPascal.js" path="C:\web\finished\case\lib\toPascal.js">
        <metrics statements="2" coveredstatements="2" conditionals="0" coveredconditionals="0" methods="0" coveredmethods="0"/>
        <line num="1" count="1" type="stmt"/>
        <line num="3" count="1" type="stmt"/>
      </file>
      <file name="toSnake.js" path="C:\web\finished\case\lib\toSnake.js">
        <metrics statements="3" coveredstatements="3" conditionals="0" coveredconditionals="0" methods="1" coveredmethods="1"/>
        <line num="1" count="1" type="stmt"/>
        <line num="2" count="1" type="stmt"/>
        <line num="4" count="5" type="stmt"/>
      </file>
    </package>
    <package name="case.util">
      <metrics statements="17" coveredstatements="17" conditionals="0" coveredconditionals="0" methods="16" coveredmethods="16"/>
      <file name="index.js" path="C:\web\finished\case\util\index.js">
        <metrics statements="17" coveredstatements="17" conditionals="0" coveredconditionals="0" methods="16" coveredmethods="16"/>
        <line num="1" count="18" type="stmt"/>
        <line num="2" count="398" type="stmt"/>
        <line num="4" count="14" type="stmt"/>
        <line num="5" count="14" type="stmt"/>
        <line num="6" count="76" type="stmt"/>
        <line num="7" count="133" type="stmt"/>
        <line num="8" count="58" type="stmt"/>
        <line num="9" count="242" type="stmt"/>
        <line num="10" count="133" type="stmt"/>
        <line num="11" count="33" type="stmt"/>
        <line num="12" count="76" type="stmt"/>
        <line num="14" count="14" type="stmt"/>
        <line num="15" count="14" type="stmt"/>
        <line num="16" count="25" type="stmt"/>
        <line num="18" count="1" type="stmt"/>
        <line num="24" count="1" type="stmt"/>
        <line num="30" count="1" type="stmt"/>
      </file>
    </package>
  </project>
</coverage>
