{"C:\\web\\finished\\case\\index.js": {"path":"C:\\web\\finished\\case\\index.js","statementMap":{"0":{"start":{"line":1,"column":16},"end":{"line":1,"column":43}},"1":{"start":{"line":2,"column":17},"end":{"line":2,"column":45}},"2":{"start":{"line":3,"column":16},"end":{"line":3,"column":43}},"3":{"start":{"line":4,"column":16},"end":{"line":4,"column":43}},"4":{"start":{"line":5,"column":19},"end":{"line":5,"column":46}},"5":{"start":{"line":7,"column":0},"end":{"line":13,"column":2}}},"fnMap":{},"branchMap":{},"s":{"0":1,"1":1,"2":1,"3":1,"4":1,"5":1},"f":{},"b":{},"_coverageSchema":"1a1c01bbd47fc00a2c39e90264f33305004495a9","hash":"7392e90874530ef8710d9c74186e38db04d5f6ac"}
,"C:\\web\\finished\\case\\lib\\objKeys.js": {"path":"C:\\web\\finished\\case\\lib\\objKeys.js","statementMap":{"0":{"start":{"line":1,"column":0},"end":{"line":5,"column":6}},"1":{"start":{"line":2,"column":4},"end":{"line":5,"column":5}},"2":{"start":{"line":4,"column":35},"end":{"line":4,"column":53}}},"fnMap":{"0":{"name":"(anonymous_0)","decl":{"start":{"line":1,"column":17},"end":{"line":1,"column":18}},"loc":{"start":{"line":2,"column":4},"end":{"line":5,"column":5}},"line":2},"1":{"name":"(anonymous_1)","decl":{"start":{"line":4,"column":17},"end":{"line":4,"column":18}},"loc":{"start":{"line":4,"column":35},"end":{"line":4,"column":53}},"line":4}},"branchMap":{},"s":{"0":1,"1":1,"2":4},"f":{"0":1,"1":4},"b":{},"_coverageSchema":"1a1c01bbd47fc00a2c39e90264f33305004495a9","hash":"475dcd6c2fe191ee757017e3b82d84be047d9da9"}
,"C:\\web\\finished\\case\\lib\\toCamel.js": {"path":"C:\\web\\finished\\case\\lib\\toCamel.js","statementMap":{"0":{"start":{"line":1,"column":69},"end":{"line":1,"column":96}},"1":{"start":{"line":3,"column":0},"end":{"line":7,"column":2}}},"fnMap":{},"branchMap":{},"s":{"0":1,"1":1},"f":{},"b":{},"_coverageSchema":"1a1c01bbd47fc00a2c39e90264f33305004495a9","hash":"c8d7b2cc26ea7668d3271111e12be3b1c6fad8b6"}
,"C:\\web\\finished\\case\\lib\\toKebab.js": {"path":"C:\\web\\finished\\case\\lib\\toKebab.js","statementMap":{"0":{"start":{"line":1,"column":16},"end":{"line":1,"column":39}},"1":{"start":{"line":2,"column":62},"end":{"line":2,"column":89}},"2":{"start":{"line":4,"column":0},"end":{"line":9,"column":7}},"3":{"start":{"line":4,"column":24},"end":{"line":9,"column":6}}},"fnMap":{"0":{"name":"(anonymous_0)","decl":{"start":{"line":4,"column":17},"end":{"line":4,"column":18}},"loc":{"start":{"line":4,"column":24},"end":{"line":9,"column":6}},"line":4}},"branchMap":{},"s":{"0":1,"1":1,"2":1,"3":9},"f":{"0":9},"b":{},"_coverageSchema":"1a1c01bbd47fc00a2c39e90264f33305004495a9","hash":"3194a4070ca0f9db8b24eae446abc518d4cd96f6"}
,"C:\\web\\finished\\case\\lib\\toPascal.js": {"path":"C:\\web\\finished\\case\\lib\\toPascal.js","statementMap":{"0":{"start":{"line":1,"column":69},"end":{"line":1,"column":96}},"1":{"start":{"line":3,"column":0},"end":{"line":7,"column":2}}},"fnMap":{},"branchMap":{},"s":{"0":1,"1":1},"f":{},"b":{},"_coverageSchema":"1a1c01bbd47fc00a2c39e90264f33305004495a9","hash":"6061d67ceadd053b7207229a2fdfa658ea8429bb"}
,"C:\\web\\finished\\case\\lib\\toSnake.js": {"path":"C:\\web\\finished\\case\\lib\\toSnake.js","statementMap":{"0":{"start":{"line":1,"column":16},"end":{"line":1,"column":39}},"1":{"start":{"line":2,"column":62},"end":{"line":2,"column":89}},"2":{"start":{"line":4,"column":0},"end":{"line":9,"column":7}},"3":{"start":{"line":4,"column":24},"end":{"line":9,"column":6}}},"fnMap":{"0":{"name":"(anonymous_0)","decl":{"start":{"line":4,"column":17},"end":{"line":4,"column":18}},"loc":{"start":{"line":4,"column":24},"end":{"line":9,"column":6}},"line":4}},"branchMap":{},"s":{"0":1,"1":1,"2":1,"3":5},"f":{"0":5},"b":{},"_coverageSchema":"1a1c01bbd47fc00a2c39e90264f33305004495a9","hash":"53aebb068037b3dfe1c475480d8ca3be74e4c820"}
,"C:\\web\\finished\\case\\util\\index.js": {"path":"C:\\web\\finished\\case\\util\\index.js","statementMap":{"0":{"start":{"line":1,"column":13},"end":{"line":2,"column":44}},"1":{"start":{"line":1,"column":25},"end":{"line":2,"column":44}},"2":{"start":{"line":2,"column":4},"end":{"line":2,"column":44}},"3":{"start":{"line":2,"column":28},"end":{"line":2,"column":35}},"4":{"start":{"line":4,"column":23},"end":{"line":4,"column":47}},"5":{"start":{"line":4,"column":30},"end":{"line":4,"column":47}},"6":{"start":{"line":5,"column":23},"end":{"line":5,"column":49}},"7":{"start":{"line":5,"column":30},"end":{"line":5,"column":49}},"8":{"start":{"line":6,"column":16},"end":{"line":6,"column":46}},"9":{"start":{"line":6,"column":24},"end":{"line":6,"column":46}},"10":{"start":{"line":6,"column":31},"end":{"line":6,"column":46}},"11":{"start":{"line":7,"column":16},"end":{"line":7,"column":40}},"12":{"start":{"line":7,"column":23},"end":{"line":7,"column":40}},"13":{"start":{"line":8,"column":16},"end":{"line":8,"column":40}},"14":{"start":{"line":8,"column":23},"end":{"line":8,"column":40}},"15":{"start":{"line":9,"column":22},"end":{"line":9,"column":41}},"16":{"start":{"line":9,"column":29},"end":{"line":9,"column":41}},"17":{"start":{"line":10,"column":27},"end":{"line":10,"column":88}},"18":{"start":{"line":10,"column":48},"end":{"line":10,"column":88}},"19":{"start":{"line":11,"column":27},"end":{"line":11,"column":88}},"20":{"start":{"line":11,"column":48},"end":{"line":11,"column":88}},"21":{"start":{"line":12,"column":17},"end":{"line":12,"column":51}},"22":{"start":{"line":12,"column":24},"end":{"line":12,"column":51}},"23":{"start":{"line":14,"column":21},"end":{"line":16,"column":58}},"24":{"start":{"line":14,"column":35},"end":{"line":16,"column":58}},"25":{"start":{"line":15,"column":4},"end":{"line":16,"column":58}},"26":{"start":{"line":16,"column":8},"end":{"line":16,"column":52}},"27":{"start":{"line":18,"column":26},"end":{"line":22,"column":1}},"28":{"start":{"line":24,"column":20},"end":{"line":28,"column":1}},"29":{"start":{"line":30,"column":0},"end":{"line":44,"column":2}}},"fnMap":{"0":{"name":"(anonymous_0)","decl":{"start":{"line":1,"column":13},"end":{"line":1,"column":14}},"loc":{"start":{"line":1,"column":25},"end":{"line":2,"column":44}},"line":1},"1":{"name":"(anonymous_1)","decl":{"start":{"line":1,"column":25},"end":{"line":1,"column":26}},"loc":{"start":{"line":2,"column":4},"end":{"line":2,"column":44}},"line":2},"2":{"name":"(anonymous_2)","decl":{"start":{"line":2,"column":15},"end":{"line":2,"column":16}},"loc":{"start":{"line":2,"column":28},"end":{"line":2,"column":35}},"line":2},"3":{"name":"(anonymous_3)","decl":{"start":{"line":4,"column":23},"end":{"line":4,"column":24}},"loc":{"start":{"line":4,"column":30},"end":{"line":4,"column":47}},"line":4},"4":{"name":"(anonymous_4)","decl":{"start":{"line":5,"column":23},"end":{"line":5,"column":24}},"loc":{"start":{"line":5,"column":30},"end":{"line":5,"column":49}},"line":5},"5":{"name":"(anonymous_5)","decl":{"start":{"line":6,"column":16},"end":{"line":6,"column":17}},"loc":{"start":{"line":6,"column":24},"end":{"line":6,"column":46}},"line":6},"6":{"name":"(anonymous_6)","decl":{"start":{"line":6,"column":24},"end":{"line":6,"column":25}},"loc":{"start":{"line":6,"column":31},"end":{"line":6,"column":46}},"line":6},"7":{"name":"(anonymous_7)","decl":{"start":{"line":7,"column":16},"end":{"line":7,"column":17}},"loc":{"start":{"line":7,"column":23},"end":{"line":7,"column":40}},"line":7},"8":{"name":"(anonymous_8)","decl":{"start":{"line":8,"column":16},"end":{"line":8,"column":17}},"loc":{"start":{"line":8,"column":23},"end":{"line":8,"column":40}},"line":8},"9":{"name":"(anonymous_9)","decl":{"start":{"line":9,"column":22},"end":{"line":9,"column":23}},"loc":{"start":{"line":9,"column":29},"end":{"line":9,"column":41}},"line":9},"10":{"name":"(anonymous_10)","decl":{"start":{"line":10,"column":27},"end":{"line":10,"column":28}},"loc":{"start":{"line":10,"column":48},"end":{"line":10,"column":88}},"line":10},"11":{"name":"(anonymous_11)","decl":{"start":{"line":11,"column":27},"end":{"line":11,"column":28}},"loc":{"start":{"line":11,"column":48},"end":{"line":11,"column":88}},"line":11},"12":{"name":"(anonymous_12)","decl":{"start":{"line":12,"column":17},"end":{"line":12,"column":18}},"loc":{"start":{"line":12,"column":24},"end":{"line":12,"column":51}},"line":12},"13":{"name":"(anonymous_13)","decl":{"start":{"line":14,"column":21},"end":{"line":14,"column":22}},"loc":{"start":{"line":14,"column":35},"end":{"line":16,"column":58}},"line":14},"14":{"name":"(anonymous_14)","decl":{"start":{"line":14,"column":35},"end":{"line":14,"column":36}},"loc":{"start":{"line":15,"column":4},"end":{"line":16,"column":58}},"line":15},"15":{"name":"(anonymous_15)","decl":{"start":{"line":15,"column":15},"end":{"line":15,"column":16}},"loc":{"start":{"line":16,"column":8},"end":{"line":16,"column":52}},"line":16}},"branchMap":{},"s":{"0":1,"1":18,"2":128,"3":398,"4":1,"5":14,"6":1,"7":14,"8":1,"9":2,"10":76,"11":1,"12":133,"13":1,"14":58,"15":1,"16":242,"17":1,"18":133,"19":1,"20":33,"21":1,"22":76,"23":1,"24":14,"25":14,"26":25,"27":1,"28":1,"29":1},"f":{"0":18,"1":128,"2":398,"3":14,"4":14,"5":2,"6":76,"7":133,"8":58,"9":242,"10":133,"11":33,"12":76,"13":14,"14":14,"15":25},"b":{},"_coverageSchema":"1a1c01bbd47fc00a2c39e90264f33305004495a9","hash":"0c4b4d0f0e852d21c27c949ed57be98cbfcba679"}
}
