TN:
SF:index.js
FNF:0
FNH:0
DA:1,1
DA:2,1
DA:3,1
DA:4,1
DA:5,1
DA:7,1
LF:6
LH:6
BRF:0
BRH:0
end_of_record
TN:
SF:lib\objKeys.js
FN:1,(anonymous_0)
FN:4,(anonymous_1)
FNF:2
FNH:2
FNDA:1,(anonymous_0)
FNDA:4,(anonymous_1)
DA:1,1
DA:2,1
DA:4,4
LF:3
LH:3
BRF:0
BRH:0
end_of_record
TN:
SF:lib\toCamel.js
FNF:0
FNH:0
DA:1,1
DA:3,1
LF:2
LH:2
BRF:0
BRH:0
end_of_record
TN:
SF:lib\toKebab.js
FN:4,(anonymous_0)
FNF:1
FNH:1
FNDA:9,(anonymous_0)
DA:1,1
DA:2,1
DA:4,9
LF:3
LH:3
BRF:0
BRH:0
end_of_record
TN:
SF:lib\toPascal.js
FNF:0
FNH:0
DA:1,1
DA:3,1
LF:2
LH:2
BRF:0
BRH:0
end_of_record
TN:
SF:lib\toSnake.js
FN:4,(anonymous_0)
FNF:1
FNH:1
FNDA:5,(anonymous_0)
DA:1,1
DA:2,1
DA:4,5
LF:3
LH:3
BRF:0
BRH:0
end_of_record
TN:
SF:util\index.js
FN:1,(anonymous_0)
FN:1,(anonymous_1)
FN:2,(anonymous_2)
FN:4,(anonymous_3)
FN:5,(anonymous_4)
FN:6,(anonymous_5)
FN:6,(anonymous_6)
FN:7,(anonymous_7)
FN:8,(anonymous_8)
FN:9,(anonymous_9)
FN:10,(anonymous_10)
FN:11,(anonymous_11)
FN:12,(anonymous_12)
FN:14,(anonymous_13)
FN:14,(anonymous_14)
FN:15,(anonymous_15)
FNF:16
FNH:16
FNDA:18,(anonymous_0)
FNDA:128,(anonymous_1)
FNDA:398,(anonymous_2)
FNDA:14,(anonymous_3)
FNDA:14,(anonymous_4)
FNDA:2,(anonymous_5)
FNDA:76,(anonymous_6)
FNDA:133,(anonymous_7)
FNDA:58,(anonymous_8)
FNDA:242,(anonymous_9)
FNDA:133,(anonymous_10)
FNDA:33,(anonymous_11)
FNDA:76,(anonymous_12)
FNDA:14,(anonymous_13)
FNDA:14,(anonymous_14)
FNDA:25,(anonymous_15)
DA:1,18
DA:2,398
DA:4,14
DA:5,14
DA:6,76
DA:7,133
DA:8,58
DA:9,242
DA:10,133
DA:11,33
DA:12,76
DA:14,14
DA:15,14
DA:16,25
DA:18,1
DA:24,1
DA:30,1
LF:17
LH:17
BRF:0
BRH:0
end_of_record
